00040003000b353b120b0d 1 2 3 4
00030000000b3750b4a661 0
00020001000b3fc7cea276 0 1 2 3
00030004000b90b4e2173d
00010003000b151e359b03 4
00030004000b7b3ea0d22b
00010003000b2c79bd9b7d 4
00040000000bc1a4001176 0
00000003000be39b73b829 4
00010003000bc12d505e1c 4

5
10
0 00040003000b353b120b0d => 1 2 3 4 # all ports unknown

4 00030000000b3750b4a661 => 0
4 00020001000b3fc7cea276 => 0 1 2 3
0 00030004000b90b4e2173d =>
0 00010003000b151e359b03 => 4
0 00030004000b7b3ea0d22b =>
0 00010003000b2c79bd9b7d => 4
4 00040000000bc1a4001176 => 0
0 00000003000be39b73b829 => 4 # this wants to send to machine with address 3, which is on port 4
0 00010003000bc12d505e1c => 4